<?xml version="1.0" encoding="UTF-8"?>
<!-- Generated by org.testng.reporters.JUnitReportReporter -->
<testsuite skipped="0" hostname="rckstr" name="Insert_DB" tests="1" failures="0" timestamp="01 Apr 2020 04:38:21 GMT" time="0.276" errors="0">
  <testcase name="TestDB" time="0.276" classname="Insert_DB"/>
</testsuite> <!-- Insert_DB -->
