<?xml version="1.0" encoding="UTF-8"?>
<!-- Generated by org.testng.reporters.JUnitReportReporter -->
<testsuite skipped="0" hostname="rckstr" name="jdbcConnection" tests="1" failures="0" timestamp="01 Apr 2020 04:32:13 GMT" time="0.527" errors="0">
  <testcase name="TestDB" time="0.527" classname="jdbcConnection"/>
</testsuite> <!-- jdbcConnection -->
