<?xml version="1.0" encoding="UTF-8"?>
<!-- Generated by org.testng.reporters.JUnitReportReporter -->
<testsuite skipped="0" hostname="rckstr" name="Soap.Soap_basic" tests="1" failures="0" timestamp="03 Apr 2020 12:21:02 GMT" time="3.430" errors="0">
  <testcase name="TestRun" time="3.430" classname="Soap.Soap_basic"/>
</testsuite> <!-- Soap.Soap_basic -->
