<?xml version="1.0" encoding="UTF-8"?>
<!-- Generated by org.testng.reporters.JUnitReportReporter -->
<testsuite skipped="0" hostname="rckstr" name="Soap_basic" tests="1" failures="0" timestamp="01 Apr 2020 02:08:40 GMT" time="2.012" errors="0">
  <testcase name="TestRun" time="2.012" classname="Soap_basic"/>
</testsuite> <!-- Soap_basic -->
