<?xml version="1.0" encoding="UTF-8"?>
<!-- Generated by org.testng.reporters.JUnitReportReporter -->
<testsuite skipped="0" hostname="rckstr" name="ExtentReport.CreatingLogs" tests="1" failures="0" timestamp="13 Apr 2020 14:59:55 GMT" time="0.036" errors="0">
  <testcase name="logsGeneration" time="0.036" classname="ExtentReport.CreatingLogs"/>
</testsuite> <!-- ExtentReport.CreatingLogs -->
